<?xml version="1.0" encoding="UTF-8"?>
<!-- Generated by org.testng.reporters.JUnitXMLReporter -->
<testsuite ignored="0" hostname="CM1VA964" failures="1" tests="1" name="Test" time="7.405" errors="0" timestamp="2023-07-04T21:41:56 IST">
  <testcase classname="Apps.PractiseSession" name="verifyTitle" time="7.351">
    <failure type="java.lang.AssertionError" message="expected [My N Login Page] but found [Google]">
      <![CDATA[java.lang.AssertionError: expected [My N Login Page] but found [Google]
at Apps.PractiseSession.verifyTitle(PractiseSession.java:16)
at java.base/java.util.ArrayList.forEach(ArrayList.java:1511)
... Removed 35 stack frames]]>
    </failure>
  </testcase> <!-- verifyTitle -->
</testsuite> <!-- Test -->
